{
  "RSpec": {
    "coverage": {
      "/Users/amantank/Desktop/ruby projects/Course/Tech tests/Bank-tech-test/spec/bank_spec.rb": {
        "lines": [
          1,
          null,
          1,
          null,
          null,
          1,
          null,
          1,
          6,
          null,
          null,
          1,
          1,
          1,
          null,
          null,
          null,
          1,
          1,
          2,
          2,
          null,
          null,
          1,
          1,
          1,
          null,
          null,
          null,
          1,
          1,
          2,
          null,
          null,
          1,
          1,
          1,
          1,
          null,
          null,
          null,
          1,
          null,
          1,
          null,
          1,
          1,
          1,
          1,
          1,
          1,
          1,
          null,
          2,
          null,
          null,
          null
        ]
      },
      "/Users/amantank/Desktop/ruby projects/Course/Tech tests/Bank-tech-test/lib/bank.rb": {
        "lines": [
          1,
          1,
          null,
          1,
          1,
          null,
          1,
          6,
          6,
          6,
          null,
          null,
          1,
          6,
          null,
          4,
          4,
          null,
          null,
          1,
          3,
          null,
          2,
          2,
          null,
          null,
          1,
          1,
          1,
          null,
          null,
          1,
          null,
          1,
          null,
          null,
          1,
          6,
          null,
          null,
          1,
          6,
          null,
          null,
          1,
          1,
          3,
          null,
          null,
          null,
          null,
          null
        ]
      },
      "/Users/amantank/Desktop/ruby projects/Course/Tech tests/Bank-tech-test/lib/transaction.rb": {
        "lines": [
          1,
          null,
          1,
          null,
          1,
          8,
          8,
          8,
          null,
          null,
          1,
          1,
          null,
          null,
          null
        ]
      },
      "/Users/amantank/Desktop/ruby projects/Course/Tech tests/Bank-tech-test/lib/format_string_statement.rb": {
        "lines": [
          1,
          null,
          1,
          2,
          null,
          null,
          null,
          null,
          1,
          null,
          4,
          1,
          1,
          1,
          null,
          3,
          3,
          3,
          null,
          null,
          null,
          null,
          null
        ]
      },
      "/Users/amantank/Desktop/ruby projects/Course/Tech tests/Bank-tech-test/spec/format_string_statement_spec.rb": {
        "lines": [
          1,
          null,
          1,
          null,
          1,
          1,
          1,
          null,
          null,
          null,
          1,
          1,
          1,
          1,
          null,
          null,
          null,
          null
        ]
      },
      "/Users/amantank/Desktop/ruby projects/Course/Tech tests/Bank-tech-test/spec/transaction_spec.rb": {
        "lines": [
          1,
          null,
          1,
          null,
          1,
          1,
          1,
          1,
          null,
          null,
          null,
          null
        ]
      }
    },
    "timestamp": 1613139144
  }
}
