{
  "RSpec": {
    "coverage": {
      "/Users/amantank/Desktop/ruby projects/Course/Tech tests/Bank-tech-test/spec/bank_spec.rb": {
        "lines": [
          null,
          null,
          1,
          null,
          1,
          null,
          1,
          1,
          1,
          null,
          1,
          6,
          null,
          null,
          1,
          1,
          null,
          1,
          1,
          1,
          null,
          null,
          null,
          1,
          1,
          1,
          1,
          1,
          null,
          null,
          null,
          1,
          1,
          2,
          null,
          null,
          1,
          1,
          1,
          1,
          1,
          null,
          null,
          null,
          null,
          1,
          1,
          null,
          1,
          1,
          1,
          1,
          2,
          null,
          null,
          null
        ]
      },
      "/Users/amantank/Desktop/ruby projects/Course/Tech tests/Bank-tech-test/lib/bank.rb": {
        "lines": [
          null,
          null,
          1,
          1,
          null,
          1,
          7,
          7,
          null,
          null,
          1,
          4,
          4,
          null,
          null,
          1,
          3,
          null,
          2,
          2,
          null,
          null,
          1,
          1,
          1,
          3,
          1,
          null,
          2,
          null,
          null,
          null,
          null,
          1,
          null,
          1,
          6,
          null,
          null
        ]
      }
    },
    "timestamp": 1612865066
  }
}
